Base path: 'C:/Program Files/Unity/Hub/Editor/2019.4.9f1/Editor/Data', plugins path 'C:/Program Files/Unity/Hub/Editor/2019.4.9f1/Editor/Data/PlaybackEngines'
Cmd: initializeCompiler
Cmd: compileComputeKernel
  api=18 insize=18731 outsize=32670 ok=1
Cmd: compileComputeKernel
  api=4 insize=18731 outsize=8518 ok=1
Cmd: compileComputeKernel
  api=4 insize=18731 outsize=8738 ok=1
Cmd: compileComputeKernel
  api=4 insize=18731 outsize=10507 ok=1
Cmd: compileComputeKernel
  api=4 insize=1505 outsize=1455 ok=1
Cmd: compileComputeKernel
  api=18 insize=5032 outsize=38014 ok=1
Cmd: compileComputeKernel
  api=4 insize=3158 outsize=47803 ok=1
Cmd: compileComputeKernel
  api=18 insize=11176 outsize=48613 ok=1
Cmd: compileComputeKernel
  api=18 insize=2120 outsize=4209 ok=1
Cmd: compileComputeKernel
  api=4 insize=3532 outsize=2622 ok=1
Cmd: compileComputeKernel
  api=9 insize=1957 outsize=3556 ok=1

Quitting shader compiler process
