Base path: 'C:/Program Files/Unity/Hub/Editor/2019.4.9f1/Editor/Data', plugins path 'C:/Program Files/Unity/Hub/Editor/2019.4.9f1/Editor/Data/PlaybackEngines'
Cmd: initializeCompiler
Cmd: preprocess
  insize=1641 outsize=1641 ok=1
Cmd: preprocess
  insize=2926 outsize=2926 ok=1
Cmd: preprocess
  insize=224 outsize=221 ok=1
Cmd: preprocess
  insize=1723 outsize=1723 ok=1
Cmd: preprocess
  insize=1778 outsize=1775 ok=1
Cmd: preprocess
  insize=3690 outsize=2126 ok=1
Cmd: preprocess
  insize=2934 outsize=2934 ok=1
Cmd: preprocess
  insize=1344 outsize=1508 ok=1
Cmd: preprocess
  insize=11647 outsize=1949 ok=1
Cmd: preprocess
  insize=3603 outsize=1949 ok=1
Cmd: preprocess
  insize=3289 outsize=2506 ok=1
Cmd: preprocess
  insize=3687 outsize=1970 ok=1
Cmd: preprocess
  insize=1739 outsize=1739 ok=1
Cmd: preprocess
  insize=2356 outsize=2356 ok=1
Cmd: preprocess
  insize=1456 outsize=476 ok=1
Cmd: preprocess
  insize=1781 outsize=1778 ok=1
Cmd: preprocess
  insize=4652 outsize=2437 ok=1
Cmd: preprocess
  insize=1995 outsize=1743 ok=1
Cmd: preprocess
  insize=2256 outsize=2256 ok=1
Cmd: preprocess
  insize=12073 outsize=1961 ok=1
Cmd: preprocess
  insize=11964 outsize=2148 ok=1
Cmd: preprocess
  insize=1665 outsize=708 ok=1
Cmd: preprocess
  insize=1815 outsize=1670 ok=1
Cmd: preprocess
  insize=1770 outsize=1770 ok=1
Cmd: preprocess
  insize=1513 outsize=557 ok=1
Cmd: preprocess
  insize=3629 outsize=1933 ok=1
Cmd: preprocess
  insize=4170 outsize=2291 ok=1
Cmd: preprocess
  insize=1796 outsize=1793 ok=1
Cmd: preprocess
  insize=3623 outsize=1969 ok=1
Cmd: preprocess
  insize=10027 outsize=1639 ok=1
Cmd: preprocess
  insize=4468 outsize=3203 ok=1
Cmd: preprocess
  insize=1739 outsize=1739 ok=1
Cmd: preprocess
  insize=2520 outsize=2062 ok=1
Cmd: preprocess
  insize=2622 outsize=2129 ok=1
Cmd: preprocess
  insize=3224 outsize=1769 ok=1
Cmd: preprocess
  insize=3614 outsize=1960 ok=1
Cmd: preprocess
  insize=1205 outsize=418 ok=1
Cmd: preprocess
  insize=3955 outsize=2182 ok=1
Cmd: preprocess
  insize=1743 outsize=1743 ok=1
Cmd: preprocess
  insize=5737 outsize=3557 ok=1
Cmd: preprocess
  insize=2477 outsize=2293 ok=1
Cmd: preprocess
  insize=13309 outsize=1011 ok=1
Cmd: preprocess
  insize=11563 outsize=962 ok=1
Cmd: preprocess
  insize=29436 outsize=1912 ok=1
Cmd: preprocess
  insize=50998 outsize=1950 ok=1
Cmd: preprocess
  insize=40520 outsize=2093 ok=1
Cmd: preprocess
  insize=30388 outsize=1809 ok=1
Cmd: preprocess
  insize=47434 outsize=1949 ok=1
Cmd: preprocess
  insize=72854 outsize=2893 ok=1
Cmd: preprocess
  insize=811 outsize=209 ok=1
Cmd: preprocess
  insize=811 outsize=209 ok=1
Cmd: preprocess
  insize=811 outsize=209 ok=1
Cmd: preprocess
  insize=811 outsize=209 ok=1
Cmd: preprocess
  insize=811 outsize=209 ok=1
Cmd: preprocess
  insize=811 outsize=209 ok=1
Cmd: preprocess
  insize=811 outsize=209 ok=1
Cmd: preprocess
  insize=811 outsize=209 ok=1
Cmd: preprocess
  insize=811 outsize=209 ok=1
Cmd: preprocess
  insize=811 outsize=209 ok=1
Cmd: preprocess
  insize=811 outsize=209 ok=1
Cmd: preprocess
  insize=811 outsize=209 ok=1
Cmd: preprocess
  insize=811 outsize=209 ok=1
Cmd: preprocess
  insize=811 outsize=209 ok=1
Cmd: preprocess
  insize=41561 outsize=2086 ok=1
Cmd: preprocess
  insize=4980 outsize=635 ok=1
Cmd: preprocess
  insize=4418 outsize=635 ok=1
Cmd: preprocess
  insize=3743 outsize=628 ok=1
Cmd: preprocess
  insize=3852 outsize=634 ok=1
Cmd: preprocess
  insize=5731 outsize=627 ok=1
Cmd: preprocess
  insize=6044 outsize=629 ok=1
Cmd: preprocess
  insize=6283 outsize=623 ok=1
Cmd: preprocess
  insize=811 outsize=209 ok=1
Cmd: preprocess
  insize=811 outsize=209 ok=1
Cmd: preprocess
  insize=811 outsize=209 ok=1
Cmd: preprocess
  insize=31435 outsize=1809 ok=1
Cmd: preprocess
  insize=3687 outsize=358 ok=1
Cmd: compileSnippet
  api=4 type=0 insize=17079 outsize=2066 kw=_ADDITIONAL_LIGHTS pd=UNITY_NO_DXT5nm UNITY_ENABLE_REFLECTION_BUFFERS UNITY_NO_CUBEMAP_ARRAY UNITY_NO_SCREENSPACE_SHADOWS UNITY_PBS_USE_BRDF2 SHADER_API_DESKTOP UNITY_COLORSPACE_GAMMA UNITY_LIGHTMAP_DLDR_ENCODING ok=1
Cmd: compileSnippet
  error: 1 plat 4 at (153): pow(f, e) will not work for negative f, use abs(f) or conditionally handle negative values if you expect them\nCompiling Fragment program with _ADDITIONAL_LIGHTS
Platform defines: UNITY_NO_DXT5nm UNITY_ENABLE_REFLECTION_BUFFERS UNITY_NO_CUBEMAP_ARRAY UNITY_NO_SCREENSPACE_SHADOWS UNITY_PBS_USE_BRDF2 SHADER_API_DESKTOP UNITY_COLORSPACE_GAMMA UNITY_LIGHTMAP_DLDR_ENCODING
  api=4 type=1 insize=17079 outsize=5170 kw=_ADDITIONAL_LIGHTS pd=UNITY_NO_DXT5nm UNITY_ENABLE_REFLECTION_BUFFERS UNITY_NO_CUBEMAP_ARRAY UNITY_NO_SCREENSPACE_SHADOWS UNITY_PBS_USE_BRDF2 SHADER_API_DESKTOP UNITY_COLORSPACE_GAMMA UNITY_LIGHTMAP_DLDR_ENCODING ok=1
